\BOOKMARK [1][-]{section.1}{Introduction}{}% 1
\BOOKMARK [1][-]{section.2}{Learning Algorithms}{}% 2
\BOOKMARK [2][-]{subsection.2.1}{Multinomial Logistic Regression}{section.2}% 3
\BOOKMARK [2][-]{subsection.2.2}{Multilayer Perceptron\(MLP\) Classifier}{section.2}% 4
\BOOKMARK [2][-]{subsection.2.3}{Linear Support Vector Machines}{section.2}% 5
\BOOKMARK [2][-]{subsection.2.4}{Nonlinear Support Vector Machines with Radial Basis Function Kernel}{section.2}% 6
\BOOKMARK [1][-]{section.3}{Experiment}{}% 7
\BOOKMARK [2][-]{subsection.3.1}{Data Processing}{section.3}% 8
\BOOKMARK [3][-]{subsubsection.3.1.1}{Introduction to the COCO dataset}{subsection.3.1}% 9
\BOOKMARK [3][-]{subsubsection.3.1.2}{Assigning training and testing data sets}{subsection.3.1}% 10
\BOOKMARK [3][-]{subsubsection.3.1.3}{Data Feature and Dimension analysis}{subsection.3.1}% 11
\BOOKMARK [2][-]{subsection.3.2}{Actual Implementation of Algorithms}{section.3}% 12
\BOOKMARK [1][-]{section.4}{Performance and Analysis}{}% 13
\BOOKMARK [2][-]{subsection.4.1}{Evaluate Performance: Confusion Matrix}{section.4}% 14
\BOOKMARK [2][-]{subsection.4.2}{Algorithm Performance}{section.4}% 15
\BOOKMARK [3][-]{subsubsection.4.2.1}{Logistic Regression}{subsection.4.2}% 16
\BOOKMARK [2][-]{subsection.4.3}{Performance of Multilayer Perceptrons}{section.4}% 17
\BOOKMARK [2][-]{subsection.4.4}{Performance of Linear SVM}{section.4}% 18
\BOOKMARK [2][-]{subsection.4.5}{Performance of Kernel SVM}{section.4}% 19
\BOOKMARK [1][-]{section.5}{Conclusion}{}% 20
\BOOKMARK [1][-]{section.6}{Future Work}{}% 21
